train, validation, test: 8000 960 960
#Params: 52124
=====Epoch 1
Training...
100%|███████████████████████████████████████████████████████████████████████████████████████████████████████████████████████████████████████| 125/125 [00:06<00:00, 19.97it/s]
Evaluating...
100%|█████████████████████████████████████████████████████████████████████████████████████████████████████████████████████████████████████████| 15/15 [00:00<00:00, 35.51it/s]
Testing...
100%|█████████████████████████████████████████████████████████████████████████████████████████████████████████████████████████████████████████| 15/15 [00:00<00:00, 43.69it/s]

Train: loss_R=10.031658, loss_C=-3.493320, loss_S=1.098715, loss_D=3.200074, loss_Sp=335388838.912000
Validation: loss_R=1.602685, loss_C=-6.811325, loss_S=0.669911, loss_D=2.129798, loss_Sp=224384430.933333
Test: loss_R=1.542080, loss_C=-6.920363, loss_S=0.669645, loss_D=2.110065, loss_Sp=224783331.200000
=====Epoch 2
Training...
100%|███████████████████████████████████████████████████████████████████████████████████████████████████████████████████████████████████████| 125/125 [00:06<00:00, 20.37it/s]
Evaluating...
100%|█████████████████████████████████████████████████████████████████████████████████████████████████████████████████████████████████████████| 15/15 [00:00<00:00, 48.03it/s]
Testing...
100%|█████████████████████████████████████████████████████████████████████████████████████████████████████████████████████████████████████████| 15/15 [00:00<00:00, 56.13it/s]

Train: loss_R=1.350256, loss_C=-7.873852, loss_S=0.946779, loss_D=1.723990, loss_Sp=169894361.856000
Validation: loss_R=1.101404, loss_C=-8.468667, loss_S=1.183382, loss_D=1.470154, loss_Sp=125192709.333333
Test: loss_R=1.047075, loss_C=-8.513804, loss_S=1.182886, loss_D=1.460231, loss_Sp=125397216.533333
=====Epoch 3
Training...
100%|███████████████████████████████████████████████████████████████████████████████████████████████████████████████████████████████████████| 125/125 [00:06<00:00, 20.38it/s]
Evaluating...
100%|█████████████████████████████████████████████████████████████████████████████████████████████████████████████████████████████████████████| 15/15 [00:00<00:00, 51.86it/s]
Testing...
100%|█████████████████████████████████████████████████████████████████████████████████████████████████████████████████████████████████████████| 15/15 [00:00<00:00, 50.80it/s]

Train: loss_R=0.990370, loss_C=-9.043537, loss_S=1.388358, loss_D=1.458244, loss_Sp=94304292.768000
Validation: loss_R=0.853066, loss_C=-9.471047, loss_S=1.532158, loss_D=1.456746, loss_Sp=74580234.933333
Test: loss_R=0.788108, loss_C=-9.484158, loss_S=1.533519, loss_D=1.449883, loss_Sp=75694112.533333
=====Epoch 4
Training...
100%|███████████████████████████████████████████████████████████████████████████████████████████████████████████████████████████████████████| 125/125 [00:06<00:00, 20.07it/s]
Evaluating...
100%|█████████████████████████████████████████████████████████████████████████████████████████████████████████████████████████████████████████| 15/15 [00:00<00:00, 55.92it/s]
Testing...
100%|█████████████████████████████████████████████████████████████████████████████████████████████████████████████████████████████████████████| 15/15 [00:00<00:00, 48.19it/s]

Train: loss_R=0.789355, loss_C=-9.658494, loss_S=1.603816, loss_D=1.424008, loss_Sp=67084830.272000
Validation: loss_R=0.710655, loss_C=-9.980512, loss_S=1.540784, loss_D=1.360276, loss_Sp=57913776.000000
Test: loss_R=0.683015, loss_C=-10.019618, loss_S=1.536479, loss_D=1.363105, loss_Sp=57789137.866667
=====Epoch 5
Training...
100%|███████████████████████████████████████████████████████████████████████████████████████████████████████████████████████████████████████| 125/125 [00:06<00:00, 20.75it/s]
Evaluating...
100%|█████████████████████████████████████████████████████████████████████████████████████████████████████████████████████████████████████████| 15/15 [00:00<00:00, 54.69it/s]
Testing...
100%|█████████████████████████████████████████████████████████████████████████████████████████████████████████████████████████████████████████| 15/15 [00:00<00:00, 53.52it/s]

Train: loss_R=0.688830, loss_C=-9.911891, loss_S=1.484722, loss_D=1.344373, loss_Sp=53398033.056000
Validation: loss_R=0.622981, loss_C=-10.136445, loss_S=1.479011, loss_D=1.304577, loss_Sp=50798258.933333
Test: loss_R=0.608093, loss_C=-10.131344, loss_S=1.477550, loss_D=1.311152, loss_Sp=50792024.533333
=====Epoch 6
Training...
100%|███████████████████████████████████████████████████████████████████████████████████████████████████████████████████████████████████████| 125/125 [00:05<00:00, 21.51it/s]
Evaluating...
100%|█████████████████████████████████████████████████████████████████████████████████████████████████████████████████████████████████████████| 15/15 [00:00<00:00, 51.50it/s]
Testing...
100%|█████████████████████████████████████████████████████████████████████████████████████████████████████████████████████████████████████████| 15/15 [00:00<00:00, 55.10it/s]

Train: loss_R=0.657919, loss_C=-10.037470, loss_S=1.407142, loss_D=1.294363, loss_Sp=48288374.464000
Validation: loss_R=0.601461, loss_C=-10.205983, loss_S=1.379080, loss_D=1.276357, loss_Sp=42282492.266667
Test: loss_R=0.587719, loss_C=-10.189325, loss_S=1.380064, loss_D=1.270033, loss_Sp=42862565.866667
=====Epoch 7
Training...
100%|███████████████████████████████████████████████████████████████████████████████████████████████████████████████████████████████████████| 125/125 [00:05<00:00, 21.04it/s]
Evaluating...
100%|█████████████████████████████████████████████████████████████████████████████████████████████████████████████████████████████████████████| 15/15 [00:00<00:00, 53.52it/s]
Testing...
100%|█████████████████████████████████████████████████████████████████████████████████████████████████████████████████████████████████████████| 15/15 [00:00<00:00, 52.58it/s]

Train: loss_R=0.627790, loss_C=-10.150508, loss_S=1.368874, loss_D=1.274682, loss_Sp=37111401.056000
Validation: loss_R=0.566097, loss_C=-10.405866, loss_S=1.162297, loss_D=1.243690, loss_Sp=32460584.400000
Test: loss_R=0.561801, loss_C=-10.365152, loss_S=1.160436, loss_D=1.245468, loss_Sp=32568167.866667
=====Epoch 8
Training...
100%|███████████████████████████████████████████████████████████████████████████████████████████████████████████████████████████████████████| 125/125 [00:05<00:00, 20.87it/s]
Evaluating...
100%|█████████████████████████████████████████████████████████████████████████████████████████████████████████████████████████████████████████| 15/15 [00:00<00:00, 53.91it/s]
Testing...
100%|█████████████████████████████████████████████████████████████████████████████████████████████████████████████████████████████████████████| 15/15 [00:00<00:00, 56.13it/s]

Train: loss_R=0.622360, loss_C=-10.212923, loss_S=1.245842, loss_D=1.245638, loss_Sp=32944279.632000
Validation: loss_R=0.556221, loss_C=-10.425701, loss_S=1.149698, loss_D=1.219559, loss_Sp=29979735.333333
Test: loss_R=0.559918, loss_C=-10.345042, loss_S=1.149703, loss_D=1.220887, loss_Sp=29736234.000000
=====Epoch 9
Training...
100%|███████████████████████████████████████████████████████████████████████████████████████████████████████████████████████████████████████| 125/125 [00:06<00:00, 20.44it/s]
Evaluating...
100%|█████████████████████████████████████████████████████████████████████████████████████████████████████████████████████████████████████████| 15/15 [00:00<00:00, 51.86it/s]
Testing...
100%|█████████████████████████████████████████████████████████████████████████████████████████████████████████████████████████████████████████| 15/15 [00:00<00:00, 55.51it/s]

Train: loss_R=0.612971, loss_C=-10.284041, loss_S=1.194464, loss_D=1.237336, loss_Sp=28035370.400000
Validation: loss_R=0.568405, loss_C=-10.445929, loss_S=1.302267, loss_D=1.230750, loss_Sp=27717006.000000
Test: loss_R=0.555993, loss_C=-10.437236, loss_S=1.302174, loss_D=1.226683, loss_Sp=27814061.333333
=====Epoch 10
Training...
100%|███████████████████████████████████████████████████████████████████████████████████████████████████████████████████████████████████████| 125/125 [00:06<00:00, 20.31it/s]
Evaluating...
100%|█████████████████████████████████████████████████████████████████████████████████████████████████████████████████████████████████████████| 15/15 [00:00<00:00, 55.71it/s]
Testing...
100%|█████████████████████████████████████████████████████████████████████████████████████████████████████████████████████████████████████████| 15/15 [00:00<00:00, 56.13it/s]

Train: loss_R=0.593139, loss_C=-10.343885, loss_S=1.130761, loss_D=1.234192, loss_Sp=27117108.720000
Validation: loss_R=0.550690, loss_C=-10.558639, loss_S=1.138021, loss_D=1.216263, loss_Sp=24796020.666667
Test: loss_R=0.538334, loss_C=-10.552647, loss_S=1.138136, loss_D=1.216861, loss_Sp=24960711.866667
=====Epoch 11
Training...
100%|███████████████████████████████████████████████████████████████████████████████████████████████████████████████████████████████████████| 125/125 [00:05<00:00, 20.95it/s]
Evaluating...
100%|█████████████████████████████████████████████████████████████████████████████████████████████████████████████████████████████████████████| 15/15 [00:00<00:00, 56.34it/s]
Testing...
100%|█████████████████████████████████████████████████████████████████████████████████████████████████████████████████████████████████████████| 15/15 [00:00<00:00, 53.71it/s]

Train: loss_R=0.599103, loss_C=-10.387399, loss_S=1.130049, loss_D=1.225511, loss_Sp=24025570.864000
Validation: loss_R=0.552674, loss_C=-10.596246, loss_S=1.083698, loss_D=1.216124, loss_Sp=26187342.933333
Test: loss_R=0.585107, loss_C=-10.457111, loss_S=1.083886, loss_D=1.228357, loss_Sp=25664067.866667
=====Epoch 12
Training...
100%|███████████████████████████████████████████████████████████████████████████████████████████████████████████████████████████████████████| 125/125 [00:05<00:00, 20.84it/s]
Evaluating...
100%|█████████████████████████████████████████████████████████████████████████████████████████████████████████████████████████████████████████| 15/15 [00:00<00:00, 47.88it/s]
Testing...
100%|█████████████████████████████████████████████████████████████████████████████████████████████████████████████████████████████████████████| 15/15 [00:00<00:00, 48.82it/s]

Train: loss_R=0.607169, loss_C=-10.408694, loss_S=1.106561, loss_D=1.233677, loss_Sp=23531617.968000
Validation: loss_R=0.595336, loss_C=-10.459019, loss_S=1.258954, loss_D=1.227602, loss_Sp=22570611.333333
Test: loss_R=0.554026, loss_C=-10.511250, loss_S=1.259335, loss_D=1.222800, loss_Sp=22572210.266667
=====Epoch 13
Training...
100%|███████████████████████████████████████████████████████████████████████████████████████████████████████████████████████████████████████| 125/125 [00:05<00:00, 21.46it/s]
Evaluating...
100%|█████████████████████████████████████████████████████████████████████████████████████████████████████████████████████████████████████████| 15/15 [00:00<00:00, 56.13it/s]
Testing...
100%|█████████████████████████████████████████████████████████████████████████████████████████████████████████████████████████████████████████| 15/15 [00:00<00:00, 55.51it/s]

Train: loss_R=0.575344, loss_C=-10.538396, loss_S=1.068529, loss_D=1.213267, loss_Sp=22151513.312000
Validation: loss_R=0.555740, loss_C=-10.713719, loss_S=0.972012, loss_D=1.240045, loss_Sp=21794846.400000
Test: loss_R=0.532597, loss_C=-10.698839, loss_S=0.972664, loss_D=1.235132, loss_Sp=21943766.800000
=====Epoch 14
Training...
100%|███████████████████████████████████████████████████████████████████████████████████████████████████████████████████████████████████████| 125/125 [00:05<00:00, 21.16it/s]
Evaluating...
100%|█████████████████████████████████████████████████████████████████████████████████████████████████████████████████████████████████████████| 15/15 [00:00<00:00, 48.03it/s]
Testing...
100%|█████████████████████████████████████████████████████████████████████████████████████████████████████████████████████████████████████████| 15/15 [00:00<00:00, 46.54it/s]

Train: loss_R=0.576512, loss_C=-10.536204, loss_S=1.069301, loss_D=1.237077, loss_Sp=22272063.328000
Validation: loss_R=0.509651, loss_C=-10.688665, loss_S=1.008993, loss_D=1.217846, loss_Sp=19852898.400000
Test: loss_R=0.500696, loss_C=-10.678711, loss_S=1.009344, loss_D=1.218342, loss_Sp=19546886.133333
=====Epoch 15
Training...
100%|███████████████████████████████████████████████████████████████████████████████████████████████████████████████████████████████████████| 125/125 [00:05<00:00, 21.16it/s]
Evaluating...
100%|█████████████████████████████████████████████████████████████████████████████████████████████████████████████████████████████████████████| 15/15 [00:00<00:00, 51.86it/s]
Testing...
100%|█████████████████████████████████████████████████████████████████████████████████████████████████████████████████████████████████████████| 15/15 [00:00<00:00, 51.86it/s]

Train: loss_R=0.568100, loss_C=-10.576878, loss_S=0.968103, loss_D=1.218114, loss_Sp=19802938.240000
Validation: loss_R=0.514168, loss_C=-10.680617, loss_S=0.874496, loss_D=1.218306, loss_Sp=19348404.666667
Test: loss_R=0.502117, loss_C=-10.692577, loss_S=0.875334, loss_D=1.218381, loss_Sp=19477054.666667
=====Epoch 16
Training...
100%|███████████████████████████████████████████████████████████████████████████████████████████████████████████████████████████████████████| 125/125 [00:06<00:00, 20.09it/s]
Evaluating...
100%|█████████████████████████████████████████████████████████████████████████████████████████████████████████████████████████████████████████| 15/15 [00:00<00:00, 48.82it/s]
Testing...
100%|█████████████████████████████████████████████████████████████████████████████████████████████████████████████████████████████████████████| 15/15 [00:00<00:00, 56.55it/s]

Train: loss_R=0.568866, loss_C=-10.572631, loss_S=0.975840, loss_D=1.212863, loss_Sp=19819202.584000
Validation: loss_R=0.511328, loss_C=-10.661582, loss_S=0.928024, loss_D=1.207448, loss_Sp=19429203.466667
Test: loss_R=0.509283, loss_C=-10.618111, loss_S=0.928536, loss_D=1.210239, loss_Sp=19248195.333333
=====Epoch 17
Training...
100%|███████████████████████████████████████████████████████████████████████████████████████████████████████████████████████████████████████| 125/125 [00:06<00:00, 20.40it/s]
Evaluating...
100%|█████████████████████████████████████████████████████████████████████████████████████████████████████████████████████████████████████████| 15/15 [00:00<00:00, 56.13it/s]
Testing...
100%|█████████████████████████████████████████████████████████████████████████████████████████████████████████████████████████████████████████| 15/15 [00:00<00:00, 53.52it/s]

Train: loss_R=0.654797, loss_C=-10.495007, loss_S=0.999756, loss_D=1.230659, loss_Sp=18023392.920000
Validation: loss_R=0.522012, loss_C=-10.705872, loss_S=1.052355, loss_D=1.210228, loss_Sp=16949491.400000
Test: loss_R=0.509426, loss_C=-10.697790, loss_S=1.051913, loss_D=1.212334, loss_Sp=17003233.933333
=====Epoch 18
Training...
100%|███████████████████████████████████████████████████████████████████████████████████████████████████████████████████████████████████████| 125/125 [00:06<00:00, 20.45it/s]
Evaluating...
100%|█████████████████████████████████████████████████████████████████████████████████████████████████████████████████████████████████████████| 15/15 [00:00<00:00, 51.68it/s]
Testing...
100%|█████████████████████████████████████████████████████████████████████████████████████████████████████████████████████████████████████████| 15/15 [00:00<00:00, 55.92it/s]

Train: loss_R=0.561395, loss_C=-10.625959, loss_S=1.112610, loss_D=1.221225, loss_Sp=16319359.536000
Validation: loss_R=0.515816, loss_C=-10.744501, loss_S=1.055088, loss_D=1.224785, loss_Sp=16235531.400000
Test: loss_R=0.509611, loss_C=-10.742071, loss_S=1.054870, loss_D=1.221706, loss_Sp=16178252.066667
=====Epoch 19
Training...
100%|███████████████████████████████████████████████████████████████████████████████████████████████████████████████████████████████████████| 125/125 [00:06<00:00, 20.45it/s]
Evaluating...
100%|█████████████████████████████████████████████████████████████████████████████████████████████████████████████████████████████████████████| 15/15 [00:00<00:00, 56.34it/s]
Testing...
100%|█████████████████████████████████████████████████████████████████████████████████████████████████████████████████████████████████████████| 15/15 [00:00<00:00, 55.30it/s]

Train: loss_R=0.562988, loss_C=-10.616564, loss_S=1.084839, loss_D=1.241817, loss_Sp=15926854.320000
Validation: loss_R=0.529922, loss_C=-10.745458, loss_S=1.050996, loss_D=1.222082, loss_Sp=14933803.266667
Test: loss_R=0.513979, loss_C=-10.734925, loss_S=1.050887, loss_D=1.223798, loss_Sp=14853320.533333
=====Epoch 20
Training...
100%|███████████████████████████████████████████████████████████████████████████████████████████████████████████████████████████████████████| 125/125 [00:05<00:00, 21.01it/s]
Evaluating...
100%|█████████████████████████████████████████████████████████████████████████████████████████████████████████████████████████████████████████| 15/15 [00:00<00:00, 53.33it/s]
Testing...
100%|█████████████████████████████████████████████████████████████████████████████████████████████████████████████████████████████████████████| 15/15 [00:00<00:00, 50.97it/s]

Train: loss_R=0.557447, loss_C=-10.634093, loss_S=1.052273, loss_D=1.228687, loss_Sp=15611525.864000
Validation: loss_R=0.516105, loss_C=-10.760250, loss_S=1.009066, loss_D=1.228569, loss_Sp=15872698.333333
Test: loss_R=0.506946, loss_C=-10.765213, loss_S=1.009223, loss_D=1.228573, loss_Sp=15974201.466667
=====Epoch 21
Training...
100%|███████████████████████████████████████████████████████████████████████████████████████████████████████████████████████████████████████| 125/125 [00:05<00:00, 21.80it/s]
Evaluating...
100%|█████████████████████████████████████████████████████████████████████████████████████████████████████████████████████████████████████████| 15/15 [00:00<00:00, 52.96it/s]
Testing...
100%|█████████████████████████████████████████████████████████████████████████████████████████████████████████████████████████████████████████| 15/15 [00:00<00:00, 52.58it/s]

Train: loss_R=0.546976, loss_C=-10.681762, loss_S=1.033542, loss_D=1.229234, loss_Sp=15444859.784000
Validation: loss_R=0.512109, loss_C=-10.779222, loss_S=1.005015, loss_D=1.224011, loss_Sp=14728637.333333
Test: loss_R=0.497655, loss_C=-10.828112, loss_S=1.004566, loss_D=1.225649, loss_Sp=14617559.200000
=====Epoch 22
Training...
100%|███████████████████████████████████████████████████████████████████████████████████████████████████████████████████████████████████████| 125/125 [00:05<00:00, 21.40it/s]
Evaluating...
100%|█████████████████████████████████████████████████████████████████████████████████████████████████████████████████████████████████████████| 15/15 [00:00<00:00, 53.71it/s]
Testing...
100%|█████████████████████████████████████████████████████████████████████████████████████████████████████████████████████████████████████████| 15/15 [00:00<00:00, 51.15it/s]

Train: loss_R=0.556058, loss_C=-10.666005, loss_S=1.023609, loss_D=1.245957, loss_Sp=14598410.232000
Validation: loss_R=0.535191, loss_C=-10.752956, loss_S=0.995770, loss_D=1.233060, loss_Sp=14309533.466667
Test: loss_R=0.513661, loss_C=-10.776571, loss_S=0.995596, loss_D=1.238722, loss_Sp=14203211.066667
=====Epoch 23
Training...
100%|███████████████████████████████████████████████████████████████████████████████████████████████████████████████████████████████████████| 125/125 [00:05<00:00, 21.33it/s]
Evaluating...
100%|█████████████████████████████████████████████████████████████████████████████████████████████████████████████████████████████████████████| 15/15 [00:00<00:00, 54.10it/s]
Testing...
100%|█████████████████████████████████████████████████████████████████████████████████████████████████████████████████████████████████████████| 15/15 [00:00<00:00, 46.69it/s]

Train: loss_R=0.552440, loss_C=-10.675415, loss_S=1.003602, loss_D=1.243262, loss_Sp=14413006.160000
Validation: loss_R=0.493503, loss_C=-10.834175, loss_S=0.968029, loss_D=1.229159, loss_Sp=14540596.800000
Test: loss_R=0.485167, loss_C=-10.804806, loss_S=0.967919, loss_D=1.229707, loss_Sp=14650189.600000
=====Epoch 24
Training...
100%|███████████████████████████████████████████████████████████████████████████████████████████████████████████████████████████████████████| 125/125 [00:06<00:00, 19.35it/s]
Evaluating...
100%|█████████████████████████████████████████████████████████████████████████████████████████████████████████████████████████████████████████| 15/15 [00:00<00:00, 53.14it/s]
Testing...
100%|█████████████████████████████████████████████████████████████████████████████████████████████████████████████████████████████████████████| 15/15 [00:00<00:00, 45.55it/s]

Train: loss_R=0.563871, loss_C=-10.647676, loss_S=0.991977, loss_D=1.248947, loss_Sp=14110068.176000
Validation: loss_R=0.789790, loss_C=-10.290760, loss_S=0.888674, loss_D=1.325129, loss_Sp=13560513.166667
Test: loss_R=0.502357, loss_C=-10.853326, loss_S=0.887861, loss_D=1.222515, loss_Sp=14127376.200000
=====Epoch 25
Training...
100%|███████████████████████████████████████████████████████████████████████████████████████████████████████████████████████████████████████| 125/125 [00:05<00:00, 20.92it/s]
Evaluating...
100%|█████████████████████████████████████████████████████████████████████████████████████████████████████████████████████████████████████████| 15/15 [00:00<00:00, 56.55it/s]
Testing...
100%|█████████████████████████████████████████████████████████████████████████████████████████████████████████████████████████████████████████| 15/15 [00:00<00:00, 56.13it/s]

Train: loss_R=0.555666, loss_C=-10.706589, loss_S=0.983024, loss_D=1.235319, loss_Sp=13911425.928000
Validation: loss_R=0.557627, loss_C=-10.756164, loss_S=0.891505, loss_D=1.251216, loss_Sp=13927144.733333
Test: loss_R=0.498609, loss_C=-10.815048, loss_S=0.891830, loss_D=1.233644, loss_Sp=14232109.733333
=====Epoch 26
Training...
100%|███████████████████████████████████████████████████████████████████████████████████████████████████████████████████████████████████████| 125/125 [00:06<00:00, 20.03it/s]
Evaluating...
100%|█████████████████████████████████████████████████████████████████████████████████████████████████████████████████████████████████████████| 15/15 [00:00<00:00, 51.15it/s]
Testing...
100%|█████████████████████████████████████████████████████████████████████████████████████████████████████████████████████████████████████████| 15/15 [00:00<00:00, 52.04it/s]

Train: loss_R=0.545273, loss_C=-10.720324, loss_S=0.944602, loss_D=1.254444, loss_Sp=14586729.016000
Validation: loss_R=0.526709, loss_C=-10.857103, loss_S=0.944664, loss_D=1.246388, loss_Sp=14627358.133333
Test: loss_R=0.518874, loss_C=-10.832062, loss_S=0.945038, loss_D=1.248743, loss_Sp=14622047.000000
=====Epoch 27
Training...
100%|███████████████████████████████████████████████████████████████████████████████████████████████████████████████████████████████████████| 125/125 [00:05<00:00, 21.64it/s]
Evaluating...
100%|█████████████████████████████████████████████████████████████████████████████████████████████████████████████████████████████████████████| 15/15 [00:00<00:00, 54.50it/s]
Testing...
100%|█████████████████████████████████████████████████████████████████████████████████████████████████████████████████████████████████████████| 15/15 [00:00<00:00, 52.40it/s]

Train: loss_R=0.536100, loss_C=-10.720424, loss_S=0.970870, loss_D=1.248756, loss_Sp=14707674.504000
Validation: loss_R=0.507852, loss_C=-10.864741, loss_S=0.959024, loss_D=1.230908, loss_Sp=14658324.800000
Test: loss_R=0.499723, loss_C=-10.858587, loss_S=0.958523, loss_D=1.239681, loss_Sp=14477986.400000
=====Epoch 28
Training...
100%|███████████████████████████████████████████████████████████████████████████████████████████████████████████████████████████████████████| 125/125 [00:06<00:00, 20.80it/s]
Evaluating...
100%|█████████████████████████████████████████████████████████████████████████████████████████████████████████████████████████████████████████| 15/15 [00:00<00:00, 45.69it/s]
Testing...
100%|█████████████████████████████████████████████████████████████████████████████████████████████████████████████████████████████████████████| 15/15 [00:00<00:00, 52.77it/s]

Train: loss_R=0.540843, loss_C=-10.748056, loss_S=0.949590, loss_D=1.240422, loss_Sp=14442327.024000
Validation: loss_R=0.506187, loss_C=-10.884879, loss_S=0.923218, loss_D=1.229075, loss_Sp=14665854.866667
Test: loss_R=0.493450, loss_C=-10.878582, loss_S=0.923515, loss_D=1.232149, loss_Sp=14758392.933333
=====Epoch 29
Training...
100%|███████████████████████████████████████████████████████████████████████████████████████████████████████████████████████████████████████| 125/125 [00:05<00:00, 21.59it/s]
Evaluating...
100%|█████████████████████████████████████████████████████████████████████████████████████████████████████████████████████████████████████████| 15/15 [00:00<00:00, 51.50it/s]
Testing...
100%|█████████████████████████████████████████████████████████████████████████████████████████████████████████████████████████████████████████| 15/15 [00:00<00:00, 45.97it/s]

Train: loss_R=0.535050, loss_C=-10.735676, loss_S=0.898015, loss_D=1.240625, loss_Sp=14736024.608000
Validation: loss_R=0.512727, loss_C=-10.860683, loss_S=0.850437, loss_D=1.227822, loss_Sp=14605246.000000
Test: loss_R=0.500705, loss_C=-10.847619, loss_S=0.851063, loss_D=1.230913, loss_Sp=14442537.533333
=====Epoch 30
Training...
100%|███████████████████████████████████████████████████████████████████████████████████████████████████████████████████████████████████████| 125/125 [00:06<00:00, 20.81it/s]
Evaluating...
100%|█████████████████████████████████████████████████████████████████████████████████████████████████████████████████████████████████████████| 15/15 [00:00<00:00, 49.14it/s]
Testing...
100%|█████████████████████████████████████████████████████████████████████████████████████████████████████████████████████████████████████████| 15/15 [00:00<00:00, 56.34it/s]

Train: loss_R=0.537112, loss_C=-10.752573, loss_S=0.900539, loss_D=1.226993, loss_Sp=14092994.480000
Validation: loss_R=0.502584, loss_C=-10.893877, loss_S=0.793118, loss_D=1.219624, loss_Sp=14379299.133333
Test: loss_R=0.485208, loss_C=-10.884223, loss_S=0.794592, loss_D=1.220040, loss_Sp=14509696.133333
=====Epoch 31
Training...
100%|███████████████████████████████████████████████████████████████████████████████████████████████████████████████████████████████████████| 125/125 [00:05<00:00, 21.27it/s]
Evaluating...
100%|█████████████████████████████████████████████████████████████████████████████████████████████████████████████████████████████████████████| 15/15 [00:00<00:00, 49.46it/s]
Testing...
100%|█████████████████████████████████████████████████████████████████████████████████████████████████████████████████████████████████████████| 15/15 [00:00<00:00, 50.12it/s]

Train: loss_R=0.534309, loss_C=-10.770537, loss_S=0.852308, loss_D=1.235887, loss_Sp=14192466.336000
Validation: loss_R=0.515077, loss_C=-10.843956, loss_S=0.865806, loss_D=1.219126, loss_Sp=13868877.200000
Test: loss_R=0.510382, loss_C=-10.795363, loss_S=0.866285, loss_D=1.221619, loss_Sp=13718890.266667
=====Epoch 32
Training...
100%|███████████████████████████████████████████████████████████████████████████████████████████████████████████████████████████████████████| 125/125 [00:06<00:00, 20.02it/s]
Evaluating...
100%|█████████████████████████████████████████████████████████████████████████████████████████████████████████████████████████████████████████| 15/15 [00:00<00:00, 49.30it/s]
Testing...
100%|█████████████████████████████████████████████████████████████████████████████████████████████████████████████████████████████████████████| 15/15 [00:00<00:00, 55.71it/s]

Train: loss_R=0.532353, loss_C=-10.797961, loss_S=0.832408, loss_D=1.223414, loss_Sp=14199932.408000
Validation: loss_R=0.499779, loss_C=-10.933184, loss_S=0.823588, loss_D=1.214687, loss_Sp=13895354.266667
Test: loss_R=0.489311, loss_C=-10.905171, loss_S=0.825508, loss_D=1.215141, loss_Sp=13859371.200000
=====Epoch 33
Training...
100%|███████████████████████████████████████████████████████████████████████████████████████████████████████████████████████████████████████| 125/125 [00:06<00:00, 20.77it/s]
Evaluating...
100%|█████████████████████████████████████████████████████████████████████████████████████████████████████████████████████████████████████████| 15/15 [00:00<00:00, 42.70it/s]
Testing...
100%|█████████████████████████████████████████████████████████████████████████████████████████████████████████████████████████████████████████| 15/15 [00:00<00:00, 53.91it/s]

Train: loss_R=0.531018, loss_C=-10.762398, loss_S=0.828021, loss_D=1.224391, loss_Sp=14321468.544000
Validation: loss_R=0.496478, loss_C=-10.894634, loss_S=0.812502, loss_D=1.220234, loss_Sp=13852686.333333
Test: loss_R=0.487830, loss_C=-10.846172, loss_S=0.814807, loss_D=1.224669, loss_Sp=13841812.600000
=====Epoch 34
Training...
100%|███████████████████████████████████████████████████████████████████████████████████████████████████████████████████████████████████████| 125/125 [00:06<00:00, 19.81it/s]
Evaluating...
100%|█████████████████████████████████████████████████████████████████████████████████████████████████████████████████████████████████████████| 15/15 [00:00<00:00, 56.55it/s]
Testing...
100%|█████████████████████████████████████████████████████████████████████████████████████████████████████████████████████████████████████████| 15/15 [00:00<00:00, 55.92it/s]

Train: loss_R=0.523629, loss_C=-10.852871, loss_S=0.789165, loss_D=1.212172, loss_Sp=14130783.616000
Validation: loss_R=0.494663, loss_C=-10.890295, loss_S=0.788085, loss_D=1.201490, loss_Sp=14042081.133333
Test: loss_R=0.485579, loss_C=-10.859396, loss_S=0.790397, loss_D=1.205847, loss_Sp=13925498.800000
=====Epoch 35
Training...
100%|███████████████████████████████████████████████████████████████████████████████████████████████████████████████████████████████████████| 125/125 [00:05<00:00, 21.23it/s]
Evaluating...
100%|█████████████████████████████████████████████████████████████████████████████████████████████████████████████████████████████████████████| 15/15 [00:00<00:00, 49.95it/s]
Testing...
100%|█████████████████████████████████████████████████████████████████████████████████████████████████████████████████████████████████████████| 15/15 [00:00<00:00, 52.77it/s]

Train: loss_R=0.521639, loss_C=-10.849319, loss_S=0.764184, loss_D=1.214048, loss_Sp=14039522.360000
Validation: loss_R=0.498576, loss_C=-10.897963, loss_S=0.778115, loss_D=1.202390, loss_Sp=13895353.666667
Test: loss_R=0.480991, loss_C=-10.883353, loss_S=0.779120, loss_D=1.204813, loss_Sp=14019638.400000
=====Epoch 36
Training...
100%|███████████████████████████████████████████████████████████████████████████████████████████████████████████████████████████████████████| 125/125 [00:06<00:00, 20.69it/s]
Evaluating...
100%|█████████████████████████████████████████████████████████████████████████████████████████████████████████████████████████████████████████| 15/15 [00:00<00:00, 54.69it/s]
Testing...
100%|█████████████████████████████████████████████████████████████████████████████████████████████████████████████████████████████████████████| 15/15 [00:00<00:00, 52.04it/s]

Train: loss_R=0.528361, loss_C=-10.840238, loss_S=0.745469, loss_D=1.210346, loss_Sp=14071124.344000
Validation: loss_R=0.501801, loss_C=-10.941595, loss_S=0.722551, loss_D=1.206839, loss_Sp=13895213.600000
Test: loss_R=0.492059, loss_C=-10.894931, loss_S=0.725152, loss_D=1.211211, loss_Sp=13837834.266667
=====Epoch 37
Training...
100%|███████████████████████████████████████████████████████████████████████████████████████████████████████████████████████████████████████| 125/125 [00:05<00:00, 21.35it/s]
Evaluating...
100%|█████████████████████████████████████████████████████████████████████████████████████████████████████████████████████████████████████████| 15/15 [00:00<00:00, 52.04it/s]
Testing...
100%|█████████████████████████████████████████████████████████████████████████████████████████████████████████████████████████████████████████| 15/15 [00:00<00:00, 46.54it/s]

Train: loss_R=0.524218, loss_C=-10.865059, loss_S=0.719475, loss_D=1.206506, loss_Sp=13492859.352000
Validation: loss_R=0.506320, loss_C=-10.989726, loss_S=0.754765, loss_D=1.208262, loss_Sp=13341636.266667
Test: loss_R=0.490447, loss_C=-10.998489, loss_S=0.757035, loss_D=1.210593, loss_Sp=13365794.800000
=====Epoch 38
Training...
100%|███████████████████████████████████████████████████████████████████████████████████████████████████████████████████████████████████████| 125/125 [00:06<00:00, 20.77it/s]
Evaluating...
100%|█████████████████████████████████████████████████████████████████████████████████████████████████████████████████████████████████████████| 15/15 [00:00<00:00, 52.40it/s]
Testing...
100%|█████████████████████████████████████████████████████████████████████████████████████████████████████████████████████████████████████████| 15/15 [00:00<00:00, 55.71it/s]

Train: loss_R=0.521567, loss_C=-10.885813, loss_S=0.741367, loss_D=1.213090, loss_Sp=13222205.776000
Validation: loss_R=0.490095, loss_C=-10.966341, loss_S=0.783167, loss_D=1.213851, loss_Sp=13246793.466667
Test: loss_R=0.480052, loss_C=-10.927586, loss_S=0.787319, loss_D=1.214919, loss_Sp=13238037.400000
=====Epoch 39
Training...
100%|███████████████████████████████████████████████████████████████████████████████████████████████████████████████████████████████████████| 125/125 [00:06<00:00, 20.29it/s]
Evaluating...
100%|█████████████████████████████████████████████████████████████████████████████████████████████████████████████████████████████████████████| 15/15 [00:00<00:00, 40.72it/s]
Testing...
100%|█████████████████████████████████████████████████████████████████████████████████████████████████████████████████████████████████████████| 15/15 [00:00<00:00, 47.73it/s]

Train: loss_R=0.513039, loss_C=-10.877798, loss_S=0.710210, loss_D=1.210172, loss_Sp=13427827.416000
Validation: loss_R=0.489122, loss_C=-10.975542, loss_S=0.713628, loss_D=1.198519, loss_Sp=13811447.133333
Test: loss_R=0.483641, loss_C=-10.931780, loss_S=0.715886, loss_D=1.202335, loss_Sp=13789739.800000
=====Epoch 40
Training...
100%|███████████████████████████████████████████████████████████████████████████████████████████████████████████████████████████████████████| 125/125 [00:06<00:00, 19.88it/s]
Evaluating...
100%|█████████████████████████████████████████████████████████████████████████████████████████████████████████████████████████████████████████| 15/15 [00:00<00:00, 53.33it/s]
Testing...
100%|█████████████████████████████████████████████████████████████████████████████████████████████████████████████████████████████████████████| 15/15 [00:00<00:00, 55.71it/s]

Train: loss_R=0.529007, loss_C=-10.869163, loss_S=0.664667, loss_D=1.210127, loss_Sp=13501636.256000
Validation: loss_R=0.486997, loss_C=-10.980582, loss_S=0.647876, loss_D=1.192892, loss_Sp=13454486.933333
Test: loss_R=0.479817, loss_C=-10.920201, loss_S=0.648856, loss_D=1.194943, loss_Sp=13431343.800000
=====Epoch 41
Training...
100%|███████████████████████████████████████████████████████████████████████████████████████████████████████████████████████████████████████| 125/125 [00:06<00:00, 20.53it/s]
Evaluating...
100%|█████████████████████████████████████████████████████████████████████████████████████████████████████████████████████████████████████████| 15/15 [00:00<00:00, 50.29it/s]
Testing...
100%|█████████████████████████████████████████████████████████████████████████████████████████████████████████████████████████████████████████| 15/15 [00:00<00:00, 49.14it/s]

Train: loss_R=0.518987, loss_C=-10.910148, loss_S=0.676493, loss_D=1.204301, loss_Sp=13370661.744000
Validation: loss_R=0.494033, loss_C=-11.007663, loss_S=0.664322, loss_D=1.196827, loss_Sp=13453268.733333
Test: loss_R=0.484248, loss_C=-10.956221, loss_S=0.665999, loss_D=1.193153, loss_Sp=13533786.933333
=====Epoch 42
Training...
100%|███████████████████████████████████████████████████████████████████████████████████████████████████████████████████████████████████████| 125/125 [00:06<00:00, 20.62it/s]
Evaluating...
100%|█████████████████████████████████████████████████████████████████████████████████████████████████████████████████████████████████████████| 15/15 [00:00<00:00, 52.04it/s]
Testing...
100%|█████████████████████████████████████████████████████████████████████████████████████████████████████████████████████████████████████████| 15/15 [00:00<00:00, 52.58it/s]

Train: loss_R=0.564969, loss_C=-10.846375, loss_S=0.689051, loss_D=1.203321, loss_Sp=13555847.288000
Validation: loss_R=0.493461, loss_C=-11.017288, loss_S=0.639972, loss_D=1.190194, loss_Sp=13423910.133333
Test: loss_R=0.480857, loss_C=-11.004287, loss_S=0.643375, loss_D=1.193263, loss_Sp=13396966.600000
=====Epoch 43
Training...
100%|███████████████████████████████████████████████████████████████████████████████████████████████████████████████████████████████████████| 125/125 [00:05<00:00, 21.34it/s]
Evaluating...
100%|█████████████████████████████████████████████████████████████████████████████████████████████████████████████████████████████████████████| 15/15 [00:00<00:00, 43.31it/s]
Testing...
100%|█████████████████████████████████████████████████████████████████████████████████████████████████████████████████████████████████████████| 15/15 [00:00<00:00, 46.11it/s]

Train: loss_R=0.513158, loss_C=-10.921272, loss_S=0.678846, loss_D=1.195761, loss_Sp=13219513.824000
Validation: loss_R=0.492140, loss_C=-11.010717, loss_S=0.662471, loss_D=1.194340, loss_Sp=12999133.933333
Test: loss_R=0.484222, loss_C=-10.966000, loss_S=0.664238, loss_D=1.190923, loss_Sp=12940732.133333
=====Epoch 44
Training...
100%|███████████████████████████████████████████████████████████████████████████████████████████████████████████████████████████████████████| 125/125 [00:05<00:00, 20.85it/s]
Evaluating...
100%|█████████████████████████████████████████████████████████████████████████████████████████████████████████████████████████████████████████| 15/15 [00:00<00:00, 53.52it/s]
Testing...
100%|█████████████████████████████████████████████████████████████████████████████████████████████████████████████████████████████████████████| 15/15 [00:00<00:00, 57.64it/s]

Train: loss_R=0.513947, loss_C=-10.929998, loss_S=0.673435, loss_D=1.197828, loss_Sp=13061792.680000
Validation: loss_R=0.501183, loss_C=-11.022287, loss_S=0.596438, loss_D=1.193359, loss_Sp=13009669.200000
Test: loss_R=0.487690, loss_C=-10.976929, loss_S=0.597913, loss_D=1.193188, loss_Sp=13021708.600000
=====Epoch 45
Training...
100%|███████████████████████████████████████████████████████████████████████████████████████████████████████████████████████████████████████| 125/125 [00:05<00:00, 21.21it/s]
Evaluating...
100%|█████████████████████████████████████████████████████████████████████████████████████████████████████████████████████████████████████████| 15/15 [00:00<00:00, 43.44it/s]
Testing...
100%|█████████████████████████████████████████████████████████████████████████████████████████████████████████████████████████████████████████| 15/15 [00:00<00:00, 54.30it/s]

Train: loss_R=0.524549, loss_C=-10.920086, loss_S=0.649633, loss_D=1.199944, loss_Sp=13106507.608000
Validation: loss_R=0.487345, loss_C=-11.051138, loss_S=0.573207, loss_D=1.188524, loss_Sp=13282808.000000
Test: loss_R=0.480524, loss_C=-10.963043, loss_S=0.574691, loss_D=1.191534, loss_Sp=13237256.266667
=====Epoch 46
Training...
100%|███████████████████████████████████████████████████████████████████████████████████████████████████████████████████████████████████████| 125/125 [00:06<00:00, 20.48it/s]
Evaluating...
100%|█████████████████████████████████████████████████████████████████████████████████████████████████████████████████████████████████████████| 15/15 [00:00<00:00, 54.69it/s]
Testing...
100%|█████████████████████████████████████████████████████████████████████████████████████████████████████████████████████████████████████████| 15/15 [00:00<00:00, 54.10it/s]

Train: loss_R=0.511689, loss_C=-10.959758, loss_S=0.624679, loss_D=1.195057, loss_Sp=13061345.048000
Validation: loss_R=0.487853, loss_C=-11.055218, loss_S=0.649492, loss_D=1.192093, loss_Sp=12551468.866667
Test: loss_R=0.481217, loss_C=-10.995976, loss_S=0.652947, loss_D=1.195296, loss_Sp=12471439.333333
=====Epoch 47
Training...
100%|███████████████████████████████████████████████████████████████████████████████████████████████████████████████████████████████████████| 125/125 [00:06<00:00, 20.62it/s]
Evaluating...
100%|█████████████████████████████████████████████████████████████████████████████████████████████████████████████████████████████████████████| 15/15 [00:00<00:00, 54.10it/s]
Testing...
100%|█████████████████████████████████████████████████████████████████████████████████████████████████████████████████████████████████████████| 15/15 [00:00<00:00, 56.55it/s]

Train: loss_R=0.509019, loss_C=-10.967884, loss_S=0.640242, loss_D=1.191832, loss_Sp=12663423.976000
Validation: loss_R=0.500382, loss_C=-11.036920, loss_S=0.643050, loss_D=1.189723, loss_Sp=12552585.733333
Test: loss_R=0.489064, loss_C=-10.968362, loss_S=0.642742, loss_D=1.186065, loss_Sp=12694730.133333
=====Epoch 48
Training...
100%|███████████████████████████████████████████████████████████████████████████████████████████████████████████████████████████████████████| 125/125 [00:06<00:00, 20.45it/s]
Evaluating...
100%|█████████████████████████████████████████████████████████████████████████████████████████████████████████████████████████████████████████| 15/15 [00:00<00:00, 54.50it/s]
Testing...
100%|█████████████████████████████████████████████████████████████████████████████████████████████████████████████████████████████████████████| 15/15 [00:00<00:00, 57.20it/s]

Train: loss_R=0.504283, loss_C=-10.989878, loss_S=0.636637, loss_D=1.191514, loss_Sp=12653502.624000
Validation: loss_R=0.478984, loss_C=-11.055040, loss_S=0.683685, loss_D=1.185237, loss_Sp=12584421.266667
Test: loss_R=0.470563, loss_C=-10.988717, loss_S=0.685747, loss_D=1.186994, loss_Sp=12574363.133333
=====Epoch 49
Training...
100%|███████████████████████████████████████████████████████████████████████████████████████████████████████████████████████████████████████| 125/125 [00:06<00:00, 20.18it/s]
Evaluating...
100%|█████████████████████████████████████████████████████████████████████████████████████████████████████████████████████████████████████████| 15/15 [00:00<00:00, 51.15it/s]
Testing...
100%|█████████████████████████████████████████████████████████████████████████████████████████████████████████████████████████████████████████| 15/15 [00:00<00:00, 43.82it/s]

Train: loss_R=0.507125, loss_C=-10.979498, loss_S=0.618931, loss_D=1.186590, loss_Sp=12528497.472000
Validation: loss_R=0.481040, loss_C=-11.051374, loss_S=0.570443, loss_D=1.185203, loss_Sp=12386386.000000
Test: loss_R=0.471560, loss_C=-10.989087, loss_S=0.572406, loss_D=1.184460, loss_Sp=12436772.466667
=====Epoch 50
Training...
100%|███████████████████████████████████████████████████████████████████████████████████████████████████████████████████████████████████████| 125/125 [00:05<00:00, 21.36it/s]
Evaluating...
100%|█████████████████████████████████████████████████████████████████████████████████████████████████████████████████████████████████████████| 15/15 [00:00<00:00, 54.69it/s]
Testing...
100%|█████████████████████████████████████████████████████████████████████████████████████████████████████████████████████████████████████████| 15/15 [00:00<00:00, 56.34it/s]

Train: loss_R=0.505127, loss_C=-10.982001, loss_S=0.603387, loss_D=1.185099, loss_Sp=12433583.064000
Validation: loss_R=0.482388, loss_C=-11.083243, loss_S=0.571868, loss_D=1.185057, loss_Sp=12183515.733333
Test: loss_R=0.476059, loss_C=-11.019449, loss_S=0.573423, loss_D=1.185496, loss_Sp=12122829.866667
=====Epoch 51
Training...
100%|███████████████████████████████████████████████████████████████████████████████████████████████████████████████████████████████████████| 125/125 [00:05<00:00, 20.84it/s]
Evaluating...
100%|█████████████████████████████████████████████████████████████████████████████████████████████████████████████████████████████████████████| 15/15 [00:00<00:00, 49.30it/s]
Testing...
100%|█████████████████████████████████████████████████████████████████████████████████████████████████████████████████████████████████████████| 15/15 [00:00<00:00, 48.66it/s]

Train: loss_R=0.507490, loss_C=-10.987412, loss_S=0.598146, loss_D=1.186678, loss_Sp=12084194.104000
Validation: loss_R=0.531670, loss_C=-10.978150, loss_S=0.567166, loss_D=1.240195, loss_Sp=11500706.233333
Test: loss_R=0.479047, loss_C=-11.021027, loss_S=0.566847, loss_D=1.186446, loss_Sp=11830646.333333
=====Epoch 52
Training...
100%|███████████████████████████████████████████████████████████████████████████████████████████████████████████████████████████████████████| 125/125 [00:05<00:00, 21.39it/s]
Evaluating...
100%|█████████████████████████████████████████████████████████████████████████████████████████████████████████████████████████████████████████| 15/15 [00:00<00:00, 56.34it/s]
Testing...
100%|█████████████████████████████████████████████████████████████████████████████████████████████████████████████████████████████████████████| 15/15 [00:00<00:00, 52.96it/s]

Train: loss_R=0.534168, loss_C=-10.931945, loss_S=0.604804, loss_D=1.206327, loss_Sp=11804269.512000
Validation: loss_R=0.485032, loss_C=-11.056695, loss_S=0.575598, loss_D=1.177383, loss_Sp=12124019.133333
Test: loss_R=0.487340, loss_C=-10.960621, loss_S=0.574317, loss_D=1.183120, loss_Sp=12013877.733333
=====Epoch 53
Training...
100%|███████████████████████████████████████████████████████████████████████████████████████████████████████████████████████████████████████| 125/125 [00:05<00:00, 21.04it/s]
Evaluating...
100%|█████████████████████████████████████████████████████████████████████████████████████████████████████████████████████████████████████████| 15/15 [00:00<00:00, 45.28it/s]
Testing...
100%|█████████████████████████████████████████████████████████████████████████████████████████████████████████████████████████████████████████| 15/15 [00:00<00:00, 46.40it/s]

Train: loss_R=0.512981, loss_C=-10.992365, loss_S=0.580006, loss_D=1.189341, loss_Sp=11914038.440000
Validation: loss_R=0.486778, loss_C=-11.082569, loss_S=0.568611, loss_D=1.180846, loss_Sp=11797239.133333
Test: loss_R=0.480947, loss_C=-10.989913, loss_S=0.568246, loss_D=1.183095, loss_Sp=11752028.266667
=====Epoch 54
Training...
100%|███████████████████████████████████████████████████████████████████████████████████████████████████████████████████████████████████████| 125/125 [00:06<00:00, 20.40it/s]
Evaluating...
100%|█████████████████████████████████████████████████████████████████████████████████████████████████████████████████████████████████████████| 15/15 [00:00<00:00, 54.10it/s]
Testing...
100%|█████████████████████████████████████████████████████████████████████████████████████████████████████████████████████████████████████████| 15/15 [00:00<00:00, 56.55it/s]

Train: loss_R=0.511425, loss_C=-10.994035, loss_S=0.576335, loss_D=1.193218, loss_Sp=11774404.268000
Validation: loss_R=0.483686, loss_C=-11.073907, loss_S=0.609102, loss_D=1.194201, loss_Sp=11264856.133333
Test: loss_R=0.470056, loss_C=-11.012943, loss_S=0.610410, loss_D=1.192655, loss_Sp=11389807.266667
=====Epoch 55
Training...
100%|███████████████████████████████████████████████████████████████████████████████████████████████████████████████████████████████████████| 125/125 [00:06<00:00, 20.28it/s]
Evaluating...
100%|█████████████████████████████████████████████████████████████████████████████████████████████████████████████████████████████████████████| 15/15 [00:00<00:00, 46.83it/s]
Testing...
100%|█████████████████████████████████████████████████████████████████████████████████████████████████████████████████████████████████████████| 15/15 [00:00<00:00, 48.19it/s]

Train: loss_R=0.504775, loss_C=-11.028422, loss_S=0.596929, loss_D=1.189309, loss_Sp=11566935.168000
Validation: loss_R=0.481187, loss_C=-11.084053, loss_S=0.562976, loss_D=1.184276, loss_Sp=11635416.000000
Test: loss_R=0.474398, loss_C=-11.010537, loss_S=0.563516, loss_D=1.186047, loss_Sp=11621931.200000
=====Epoch 56
Training...
100%|███████████████████████████████████████████████████████████████████████████████████████████████████████████████████████████████████████| 125/125 [00:06<00:00, 20.65it/s]
Evaluating...
100%|█████████████████████████████████████████████████████████████████████████████████████████████████████████████████████████████████████████| 15/15 [00:00<00:00, 56.55it/s]
Testing...
100%|█████████████████████████████████████████████████████████████████████████████████████████████████████████████████████████████████████████| 15/15 [00:00<00:00, 54.30it/s]

Train: loss_R=0.507387, loss_C=-11.002502, loss_S=0.573455, loss_D=1.189030, loss_Sp=11527495.152000
Validation: loss_R=0.472435, loss_C=-11.083863, loss_S=0.526963, loss_D=1.181655, loss_Sp=11843605.200000
Test: loss_R=0.464716, loss_C=-11.008583, loss_S=0.526623, loss_D=1.185912, loss_Sp=11830629.533333
=====Epoch 57
Training...
100%|███████████████████████████████████████████████████████████████████████████████████████████████████████████████████████████████████████| 125/125 [00:06<00:00, 20.13it/s]
Evaluating...
100%|█████████████████████████████████████████████████████████████████████████████████████████████████████████████████████████████████████████| 15/15 [00:00<00:00, 44.87it/s]
Testing...
100%|█████████████████████████████████████████████████████████████████████████████████████████████████████████████████████████████████████████| 15/15 [00:00<00:00, 49.62it/s]

Train: loss_R=0.509188, loss_C=-11.006787, loss_S=0.558540, loss_D=1.187856, loss_Sp=11562794.728000
Validation: loss_R=0.481229, loss_C=-11.098031, loss_S=0.566735, loss_D=1.183461, loss_Sp=11496863.600000
Test: loss_R=0.475791, loss_C=-11.028968, loss_S=0.566835, loss_D=1.186161, loss_Sp=11482922.600000
=====Epoch 58
Training...
100%|███████████████████████████████████████████████████████████████████████████████████████████████████████████████████████████████████████| 125/125 [00:05<00:00, 21.24it/s]
Evaluating...
100%|█████████████████████████████████████████████████████████████████████████████████████████████████████████████████████████████████████████| 15/15 [00:00<00:00, 56.55it/s]
Testing...
100%|█████████████████████████████████████████████████████████████████████████████████████████████████████████████████████████████████████████| 15/15 [00:00<00:00, 54.10it/s]

Train: loss_R=0.706782, loss_C=-10.961306, loss_S=0.557044, loss_D=1.211217, loss_Sp=11514569.247250
Validation: loss_R=0.474150, loss_C=-11.098945, loss_S=0.580656, loss_D=1.183263, loss_Sp=11453208.333333
Test: loss_R=0.465556, loss_C=-11.040673, loss_S=0.581433, loss_D=1.185583, loss_Sp=11460135.400000
=====Epoch 59
Training...
100%|███████████████████████████████████████████████████████████████████████████████████████████████████████████████████████████████████████| 125/125 [00:06<00:00, 20.79it/s]
Evaluating...
100%|█████████████████████████████████████████████████████████████████████████████████████████████████████████████████████████████████████████| 15/15 [00:00<00:00, 52.58it/s]
Testing...
100%|█████████████████████████████████████████████████████████████████████████████████████████████████████████████████████████████████████████| 15/15 [00:00<00:00, 49.62it/s]

Train: loss_R=0.503698, loss_C=-11.024899, loss_S=0.555374, loss_D=1.188895, loss_Sp=11202159.576000
Validation: loss_R=0.475650, loss_C=-11.129451, loss_S=0.632077, loss_D=1.186267, loss_Sp=10975079.800000
Test: loss_R=0.468898, loss_C=-11.058466, loss_S=0.632447, loss_D=1.188133, loss_Sp=10955309.000000
=====Epoch 60
Training...
100%|███████████████████████████████████████████████████████████████████████████████████████████████████████████████████████████████████████| 125/125 [00:05<00:00, 21.51it/s]
Evaluating...
100%|█████████████████████████████████████████████████████████████████████████████████████████████████████████████████████████████████████████| 15/15 [00:00<00:00, 53.91it/s]
Testing...
100%|█████████████████████████████████████████████████████████████████████████████████████████████████████████████████████████████████████████| 15/15 [00:00<00:00, 56.77it/s]

Train: loss_R=0.509445, loss_C=-11.006393, loss_S=0.578372, loss_D=1.192162, loss_Sp=11111243.360000
Validation: loss_R=0.480774, loss_C=-11.137944, loss_S=0.561393, loss_D=1.185159, loss_Sp=11055502.466667
Test: loss_R=0.470400, loss_C=-11.057844, loss_S=0.562657, loss_D=1.184655, loss_Sp=11174167.866667
=====Epoch 61
Training...
100%|███████████████████████████████████████████████████████████████████████████████████████████████████████████████████████████████████████| 125/125 [00:06<00:00, 20.15it/s]
Evaluating...
100%|█████████████████████████████████████████████████████████████████████████████████████████████████████████████████████████████████████████| 15/15 [00:00<00:00, 47.13it/s]
Testing...
100%|█████████████████████████████████████████████████████████████████████████████████████████████████████████████████████████████████████████| 15/15 [00:00<00:00, 54.90it/s]

Train: loss_R=0.498737, loss_C=-11.015274, loss_S=0.568972, loss_D=1.188976, loss_Sp=11061908.344000
Validation: loss_R=0.484414, loss_C=-11.146534, loss_S=0.544758, loss_D=1.184450, loss_Sp=11145123.200000
Test: loss_R=0.484325, loss_C=-11.046836, loss_S=0.545744, loss_D=1.188642, loss_Sp=11047905.666667
=====Epoch 62
Training...
100%|███████████████████████████████████████████████████████████████████████████████████████████████████████████████████████████████████████| 125/125 [00:06<00:00, 20.78it/s]
Evaluating...
100%|█████████████████████████████████████████████████████████████████████████████████████████████████████████████████████████████████████████| 15/15 [00:00<00:00, 53.33it/s]
Testing...
100%|█████████████████████████████████████████████████████████████████████████████████████████████████████████████████████████████████████████| 15/15 [00:00<00:00, 49.95it/s]

Train: loss_R=0.501923, loss_C=-11.040801, loss_S=0.549058, loss_D=1.184080, loss_Sp=11283130.760000
Validation: loss_R=0.481101, loss_C=-11.119758, loss_S=0.501204, loss_D=1.188716, loss_Sp=10935193.733333
Test: loss_R=0.472718, loss_C=-11.043186, loss_S=0.501477, loss_D=1.190827, loss_Sp=10877766.466667
=====Epoch 63
Training...
100%|███████████████████████████████████████████████████████████████████████████████████████████████████████████████████████████████████████| 125/125 [00:06<00:00, 20.44it/s]
Evaluating...
100%|█████████████████████████████████████████████████████████████████████████████████████████████████████████████████████████████████████████| 15/15 [00:00<00:00, 52.04it/s]
Testing...
100%|█████████████████████████████████████████████████████████████████████████████████████████████████████████████████████████████████████████| 15/15 [00:00<00:00, 41.06it/s]

Train: loss_R=0.498753, loss_C=-11.020330, loss_S=0.557623, loss_D=1.193258, loss_Sp=10793002.056000
Validation: loss_R=0.486469, loss_C=-11.119033, loss_S=0.565797, loss_D=1.192833, loss_Sp=10585017.866667
Test: loss_R=0.477029, loss_C=-11.056757, loss_S=0.565595, loss_D=1.189668, loss_Sp=10654172.133333
=====Epoch 64
Training...
100%|███████████████████████████████████████████████████████████████████████████████████████████████████████████████████████████████████████| 125/125 [00:05<00:00, 21.00it/s]
Evaluating...
100%|█████████████████████████████████████████████████████████████████████████████████████████████████████████████████████████████████████████| 15/15 [00:00<00:00, 55.92it/s]
Testing...
100%|█████████████████████████████████████████████████████████████████████████████████████████████████████████████████████████████████████████| 15/15 [00:00<00:00, 54.69it/s]

Train: loss_R=0.496534, loss_C=-11.025683, loss_S=0.539955, loss_D=1.190105, loss_Sp=10735450.984000
Validation: loss_R=0.479912, loss_C=-11.125436, loss_S=0.501463, loss_D=1.193084, loss_Sp=10952199.333333
Test: loss_R=0.473520, loss_C=-11.049979, loss_S=0.502955, loss_D=1.193957, loss_Sp=10919575.866667
=====Epoch 65
Training...
100%|███████████████████████████████████████████████████████████████████████████████████████████████████████████████████████████████████████| 125/125 [00:06<00:00, 20.37it/s]
Evaluating...
100%|█████████████████████████████████████████████████████████████████████████████████████████████████████████████████████████████████████████| 15/15 [00:00<00:00, 46.54it/s]
Testing...
100%|█████████████████████████████████████████████████████████████████████████████████████████████████████████████████████████████████████████| 15/15 [00:00<00:00, 49.46it/s]

Train: loss_R=0.503636, loss_C=-11.032727, loss_S=0.545480, loss_D=1.191674, loss_Sp=10884175.192000
Validation: loss_R=0.482726, loss_C=-11.133155, loss_S=0.552190, loss_D=1.189016, loss_Sp=10714660.866667
Test: loss_R=0.477334, loss_C=-11.053316, loss_S=0.552713, loss_D=1.190446, loss_Sp=10642600.733333
=====Epoch 66
Training...
100%|███████████████████████████████████████████████████████████████████████████████████████████████████████████████████████████████████████| 125/125 [00:05<00:00, 21.89it/s]
Evaluating...
100%|█████████████████████████████████████████████████████████████████████████████████████████████████████████████████████████████████████████| 15/15 [00:00<00:00, 52.22it/s]
Testing...
100%|█████████████████████████████████████████████████████████████████████████████████████████████████████████████████████████████████████████| 15/15 [00:00<00:00, 55.71it/s]

Train: loss_R=0.496823, loss_C=-11.024658, loss_S=0.526872, loss_D=1.192321, loss_Sp=10772479.240000
Validation: loss_R=0.478992, loss_C=-11.132251, loss_S=0.519697, loss_D=1.182786, loss_Sp=10835347.066667
Test: loss_R=0.473896, loss_C=-11.047925, loss_S=0.519541, loss_D=1.187051, loss_Sp=10810672.800000
=====Epoch 67
Training...
100%|███████████████████████████████████████████████████████████████████████████████████████████████████████████████████████████████████████| 125/125 [00:06<00:00, 20.56it/s]
Evaluating...
100%|█████████████████████████████████████████████████████████████████████████████████████████████████████████████████████████████████████████| 15/15 [00:00<00:00, 49.30it/s]
Testing...
100%|█████████████████████████████████████████████████████████████████████████████████████████████████████████████████████████████████████████| 15/15 [00:00<00:00, 48.19it/s]

Train: loss_R=0.496444, loss_C=-11.022419, loss_S=0.504143, loss_D=1.189529, loss_Sp=10779667.776000
Validation: loss_R=0.477587, loss_C=-11.148804, loss_S=0.555214, loss_D=1.182921, loss_Sp=10812115.933333
Test: loss_R=0.471100, loss_C=-11.074063, loss_S=0.555804, loss_D=1.184573, loss_Sp=10769338.600000
=====Epoch 68
Training...
100%|███████████████████████████████████████████████████████████████████████████████████████████████████████████████████████████████████████| 125/125 [00:05<00:00, 21.86it/s]
Evaluating...
100%|█████████████████████████████████████████████████████████████████████████████████████████████████████████████████████████████████████████| 15/15 [00:00<00:00, 50.97it/s]
Testing...
100%|█████████████████████████████████████████████████████████████████████████████████████████████████████████████████████████████████████████| 15/15 [00:00<00:00, 59.95it/s]

Train: loss_R=0.501164, loss_C=-11.043995, loss_S=0.528504, loss_D=1.189611, loss_Sp=10728737.568000
Validation: loss_R=0.476219, loss_C=-11.138648, loss_S=0.543667, loss_D=1.187289, loss_Sp=10714755.000000
Test: loss_R=0.470485, loss_C=-11.057580, loss_S=0.544367, loss_D=1.186833, loss_Sp=10663552.933333
=====Epoch 69
Training...
100%|███████████████████████████████████████████████████████████████████████████████████████████████████████████████████████████████████████| 125/125 [00:06<00:00, 20.37it/s]
Evaluating...
100%|█████████████████████████████████████████████████████████████████████████████████████████████████████████████████████████████████████████| 15/15 [00:00<00:00, 48.19it/s]
Testing...
100%|█████████████████████████████████████████████████████████████████████████████████████████████████████████████████████████████████████████| 15/15 [00:00<00:00, 51.15it/s]

Train: loss_R=0.497590, loss_C=-11.047638, loss_S=0.528137, loss_D=1.193383, loss_Sp=10780955.992000
Validation: loss_R=0.471399, loss_C=-11.144130, loss_S=0.521651, loss_D=1.189032, loss_Sp=10600148.200000
Test: loss_R=0.464798, loss_C=-11.056507, loss_S=0.522594, loss_D=1.189667, loss_Sp=10590186.733333
=====Epoch 70
Training...
100%|███████████████████████████████████████████████████████████████████████████████████████████████████████████████████████████████████████| 125/125 [00:05<00:00, 21.10it/s]
Evaluating...
100%|█████████████████████████████████████████████████████████████████████████████████████████████████████████████████████████████████████████| 15/15 [00:00<00:00, 56.77it/s]
Testing...
100%|█████████████████████████████████████████████████████████████████████████████████████████████████████████████████████████████████████████| 15/15 [00:00<00:00, 50.12it/s]

Train: loss_R=0.497455, loss_C=-11.035456, loss_S=0.539203, loss_D=1.190679, loss_Sp=10408452.224000
Validation: loss_R=0.476355, loss_C=-11.164040, loss_S=0.500324, loss_D=1.184646, loss_Sp=10456285.466667
Test: loss_R=0.471041, loss_C=-11.070302, loss_S=0.500323, loss_D=1.185947, loss_Sp=10416668.800000
=====Epoch 71
Training...
100%|███████████████████████████████████████████████████████████████████████████████████████████████████████████████████████████████████████| 125/125 [00:06<00:00, 19.53it/s]
Evaluating...
100%|█████████████████████████████████████████████████████████████████████████████████████████████████████████████████████████████████████████| 15/15 [00:00<00:00, 51.15it/s]
Testing...
100%|█████████████████████████████████████████████████████████████████████████████████████████████████████████████████████████████████████████| 15/15 [00:00<00:00, 48.50it/s]

Train: loss_R=0.500187, loss_C=-11.018877, loss_S=0.522909, loss_D=1.192826, loss_Sp=10554914.504000
Validation: loss_R=0.471554, loss_C=-11.151235, loss_S=0.507298, loss_D=1.182699, loss_Sp=10516273.533333
Test: loss_R=0.464577, loss_C=-11.058449, loss_S=0.506892, loss_D=1.186189, loss_Sp=10505200.466667
=====Epoch 72
Training...
100%|███████████████████████████████████████████████████████████████████████████████████████████████████████████████████████████████████████| 125/125 [00:05<00:00, 21.17it/s]
Evaluating...
100%|█████████████████████████████████████████████████████████████████████████████████████████████████████████████████████████████████████████| 15/15 [00:00<00:00, 58.09it/s]
Testing...
100%|█████████████████████████████████████████████████████████████████████████████████████████████████████████████████████████████████████████| 15/15 [00:00<00:00, 51.86it/s]

Train: loss_R=0.493100, loss_C=-11.044294, loss_S=0.535477, loss_D=1.191912, loss_Sp=10489423.008000
Validation: loss_R=0.478506, loss_C=-11.151778, loss_S=0.457840, loss_D=1.188788, loss_Sp=10568353.066667
Test: loss_R=0.473210, loss_C=-11.068002, loss_S=0.457225, loss_D=1.193167, loss_Sp=10529909.133333
=====Epoch 73
Training...
100%|███████████████████████████████████████████████████████████████████████████████████████████████████████████████████████████████████████| 125/125 [00:05<00:00, 21.04it/s]
Evaluating...
100%|█████████████████████████████████████████████████████████████████████████████████████████████████████████████████████████████████████████| 15/15 [00:00<00:00, 54.50it/s]
Testing...
100%|█████████████████████████████████████████████████████████████████████████████████████████████████████████████████████████████████████████| 15/15 [00:00<00:00, 56.77it/s]

Train: loss_R=0.493428, loss_C=-11.040833, loss_S=0.529615, loss_D=1.195589, loss_Sp=10468099.368000
Validation: loss_R=0.475155, loss_C=-11.129014, loss_S=0.517927, loss_D=1.186480, loss_Sp=10502311.600000
Test: loss_R=0.471669, loss_C=-11.045372, loss_S=0.516945, loss_D=1.189696, loss_Sp=10496225.333333
=====Epoch 74
Training...
100%|███████████████████████████████████████████████████████████████████████████████████████████████████████████████████████████████████████| 125/125 [00:05<00:00, 21.80it/s]
Evaluating...
100%|█████████████████████████████████████████████████████████████████████████████████████████████████████████████████████████████████████████| 15/15 [00:00<00:00, 49.79it/s]
Testing...
100%|█████████████████████████████████████████████████████████████████████████████████████████████████████████████████████████████████████████| 15/15 [00:00<00:00, 55.92it/s]

Train: loss_R=0.512636, loss_C=-11.001950, loss_S=0.510801, loss_D=1.198194, loss_Sp=10454337.952000
Validation: loss_R=0.477556, loss_C=-11.149539, loss_S=0.415415, loss_D=1.183288, loss_Sp=10412260.000000
Test: loss_R=0.475041, loss_C=-11.047386, loss_S=0.415232, loss_D=1.184325, loss_Sp=10417563.933333
=====Epoch 75
Training...
100%|███████████████████████████████████████████████████████████████████████████████████████████████████████████████████████████████████████| 125/125 [00:06<00:00, 20.63it/s]
Evaluating...
100%|█████████████████████████████████████████████████████████████████████████████████████████████████████████████████████████████████████████| 15/15 [00:00<00:00, 54.69it/s]
Testing...
100%|█████████████████████████████████████████████████████████████████████████████████████████████████████████████████████████████████████████| 15/15 [00:00<00:00, 57.42it/s]

Train: loss_R=0.494285, loss_C=-11.045138, loss_S=0.496181, loss_D=1.192716, loss_Sp=10408106.984000
Validation: loss_R=0.476031, loss_C=-11.177229, loss_S=0.501850, loss_D=1.191431, loss_Sp=10339716.400000
Test: loss_R=0.472837, loss_C=-11.075157, loss_S=0.501764, loss_D=1.194949, loss_Sp=10324767.133333
=====Epoch 76
Training...
100%|███████████████████████████████████████████████████████████████████████████████████████████████████████████████████████████████████████| 125/125 [00:05<00:00, 21.20it/s]
Evaluating...
100%|█████████████████████████████████████████████████████████████████████████████████████████████████████████████████████████████████████████| 15/15 [00:00<00:00, 50.46it/s]
Testing...
100%|█████████████████████████████████████████████████████████████████████████████████████████████████████████████████████████████████████████| 15/15 [00:00<00:00, 55.30it/s]

Train: loss_R=0.492543, loss_C=-11.055968, loss_S=0.515483, loss_D=1.192961, loss_Sp=10189962.544000
Validation: loss_R=0.471584, loss_C=-11.161730, loss_S=0.474241, loss_D=1.190108, loss_Sp=10200169.733333
Test: loss_R=0.471357, loss_C=-11.050865, loss_S=0.474007, loss_D=1.192056, loss_Sp=10138919.533333
=====Epoch 77
Training...
100%|███████████████████████████████████████████████████████████████████████████████████████████████████████████████████████████████████████| 125/125 [00:06<00:00, 19.88it/s]
Evaluating...
100%|█████████████████████████████████████████████████████████████████████████████████████████████████████████████████████████████████████████| 15/15 [00:00<00:00, 55.10it/s]
Testing...
100%|█████████████████████████████████████████████████████████████████████████████████████████████████████████████████████████████████████████| 15/15 [00:00<00:00, 57.42it/s]

Train: loss_R=0.488983, loss_C=-11.061407, loss_S=0.493760, loss_D=1.191632, loss_Sp=10192809.624000
Validation: loss_R=0.468209, loss_C=-11.160772, loss_S=0.473390, loss_D=1.187738, loss_Sp=10129274.866667
Test: loss_R=0.464528, loss_C=-11.042912, loss_S=0.473659, loss_D=1.189881, loss_Sp=10100929.800000
=====Epoch 78
Training...
100%|███████████████████████████████████████████████████████████████████████████████████████████████████████████████████████████████████████| 125/125 [00:05<00:00, 20.99it/s]
Evaluating...
100%|█████████████████████████████████████████████████████████████████████████████████████████████████████████████████████████████████████████| 15/15 [00:00<00:00, 43.95it/s]
Testing...
100%|█████████████████████████████████████████████████████████████████████████████████████████████████████████████████████████████████████████| 15/15 [00:00<00:00, 41.63it/s]

Train: loss_R=0.498141, loss_C=-11.036990, loss_S=0.499507, loss_D=1.197718, loss_Sp=10257454.656000
Validation: loss_R=0.476694, loss_C=-11.157515, loss_S=0.481762, loss_D=1.190130, loss_Sp=10463866.400000
Test: loss_R=0.687403, loss_C=-10.706860, loss_S=0.486495, loss_D=1.235435, loss_Sp=10153340.433333
=====Epoch 79
Training...
100%|███████████████████████████████████████████████████████████████████████████████████████████████████████████████████████████████████████| 125/125 [00:06<00:00, 19.16it/s]
Evaluating...
100%|█████████████████████████████████████████████████████████████████████████████████████████████████████████████████████████████████████████| 15/15 [00:00<00:00, 54.50it/s]
Testing...
100%|█████████████████████████████████████████████████████████████████████████████████████████████████████████████████████████████████████████| 15/15 [00:00<00:00, 56.77it/s]

Train: loss_R=0.506664, loss_C=-11.007075, loss_S=0.488591, loss_D=1.204542, loss_Sp=10354484.576000
Validation: loss_R=0.470983, loss_C=-11.153779, loss_S=0.457155, loss_D=1.193412, loss_Sp=10385197.800000
Test: loss_R=0.493546, loss_C=-11.040526, loss_S=0.459066, loss_D=1.194639, loss_Sp=10315106.733333
=====Epoch 80
Training...
100%|███████████████████████████████████████████████████████████████████████████████████████████████████████████████████████████████████████| 125/125 [00:05<00:00, 21.25it/s]
Evaluating...
100%|█████████████████████████████████████████████████████████████████████████████████████████████████████████████████████████████████████████| 15/15 [00:00<00:00, 51.68it/s]
Testing...
100%|█████████████████████████████████████████████████████████████████████████████████████████████████████████████████████████████████████████| 15/15 [00:00<00:00, 48.98it/s]

Train: loss_R=0.491350, loss_C=-11.038161, loss_S=0.470418, loss_D=1.198690, loss_Sp=10248535.000000
Validation: loss_R=0.478114, loss_C=-11.177184, loss_S=0.461089, loss_D=1.192642, loss_Sp=10168551.400000
Test: loss_R=0.472736, loss_C=-11.080470, loss_S=0.459569, loss_D=1.194140, loss_Sp=10140576.933333
=====Epoch 81
Training...
100%|███████████████████████████████████████████████████████████████████████████████████████████████████████████████████████████████████████| 125/125 [00:05<00:00, 20.87it/s]
Evaluating...
100%|█████████████████████████████████████████████████████████████████████████████████████████████████████████████████████████████████████████| 15/15 [00:00<00:00, 53.14it/s]
Testing...
100%|█████████████████████████████████████████████████████████████████████████████████████████████████████████████████████████████████████████| 15/15 [00:00<00:00, 53.14it/s]

Train: loss_R=0.492778, loss_C=-11.038908, loss_S=0.479776, loss_D=1.194257, loss_Sp=10254572.696000
Validation: loss_R=0.467429, loss_C=-11.176707, loss_S=0.493990, loss_D=1.194537, loss_Sp=10124409.266667
Test: loss_R=0.462227, loss_C=-11.068761, loss_S=0.494158, loss_D=1.195973, loss_Sp=10073474.066667
=====Epoch 82
Training...
100%|███████████████████████████████████████████████████████████████████████████████████████████████████████████████████████████████████████| 125/125 [00:05<00:00, 21.70it/s]
Evaluating...
100%|█████████████████████████████████████████████████████████████████████████████████████████████████████████████████████████████████████████| 15/15 [00:00<00:00, 56.13it/s]
Testing...
100%|█████████████████████████████████████████████████████████████████████████████████████████████████████████████████████████████████████████| 15/15 [00:00<00:00, 43.95it/s]

Train: loss_R=0.489995, loss_C=-11.067172, loss_S=0.485587, loss_D=1.196363, loss_Sp=10190760.208000
Validation: loss_R=0.468950, loss_C=-11.168095, loss_S=0.470576, loss_D=1.188735, loss_Sp=10118157.933333
Test: loss_R=0.464955, loss_C=-11.067040, loss_S=0.470032, loss_D=1.192001, loss_Sp=10111846.466667
=====Epoch 83
Training...
100%|███████████████████████████████████████████████████████████████████████████████████████████████████████████████████████████████████████| 125/125 [00:05<00:00, 20.92it/s]
Evaluating...
100%|█████████████████████████████████████████████████████████████████████████████████████████████████████████████████████████████████████████| 15/15 [00:00<00:00, 52.22it/s]
Testing...
100%|█████████████████████████████████████████████████████████████████████████████████████████████████████████████████████████████████████████| 15/15 [00:00<00:00, 56.98it/s]

Train: loss_R=0.492622, loss_C=-11.073454, loss_S=0.467757, loss_D=1.195634, loss_Sp=10037818.928000
Validation: loss_R=0.473045, loss_C=-11.148578, loss_S=0.487666, loss_D=1.200239, loss_Sp=9966247.733333
Test: loss_R=0.466703, loss_C=-11.045681, loss_S=0.488297, loss_D=1.200177, loss_Sp=9954336.800000
=====Epoch 84
Training...
100%|███████████████████████████████████████████████████████████████████████████████████████████████████████████████████████████████████████| 125/125 [00:05<00:00, 21.49it/s]
Evaluating...
100%|█████████████████████████████████████████████████████████████████████████████████████████████████████████████████████████████████████████| 15/15 [00:00<00:00, 57.20it/s]
Testing...
100%|█████████████████████████████████████████████████████████████████████████████████████████████████████████████████████████████████████████| 15/15 [00:00<00:00, 55.92it/s]

Train: loss_R=0.491374, loss_C=-11.032692, loss_S=0.474205, loss_D=1.199380, loss_Sp=9953204.656000
Validation: loss_R=0.469878, loss_C=-11.157153, loss_S=0.476338, loss_D=1.194768, loss_Sp=9961503.400000
Test: loss_R=0.464666, loss_C=-11.062750, loss_S=0.475322, loss_D=1.196299, loss_Sp=9927052.266667
=====Epoch 85
Training...
100%|███████████████████████████████████████████████████████████████████████████████████████████████████████████████████████████████████████| 125/125 [00:06<00:00, 19.89it/s]
Evaluating...
100%|█████████████████████████████████████████████████████████████████████████████████████████████████████████████████████████████████████████| 15/15 [00:00<00:00, 54.10it/s]
Testing...
100%|█████████████████████████████████████████████████████████████████████████████████████████████████████████████████████████████████████████| 15/15 [00:00<00:00, 54.90it/s]

Train: loss_R=0.489698, loss_C=-11.060909, loss_S=0.454257, loss_D=1.199068, loss_Sp=9931214.688000
Validation: loss_R=0.478945, loss_C=-11.182668, loss_S=0.431723, loss_D=1.193280, loss_Sp=9970972.733333
Test: loss_R=0.474103, loss_C=-11.084143, loss_S=0.430970, loss_D=1.194853, loss_Sp=9956787.733333
=====Epoch 86
Training...
100%|███████████████████████████████████████████████████████████████████████████████████████████████████████████████████████████████████████| 125/125 [00:06<00:00, 20.45it/s]
Evaluating...
100%|█████████████████████████████████████████████████████████████████████████████████████████████████████████████████████████████████████████| 15/15 [00:00<00:00, 47.13it/s]
Testing...
100%|█████████████████████████████████████████████████████████████████████████████████████████████████████████████████████████████████████████| 15/15 [00:00<00:00, 46.11it/s]

Train: loss_R=0.489303, loss_C=-11.044952, loss_S=0.461069, loss_D=1.198520, loss_Sp=9867601.912000
Validation: loss_R=0.471418, loss_C=-11.188425, loss_S=0.462412, loss_D=1.192834, loss_Sp=10010788.600000
Test: loss_R=0.468528, loss_C=-11.082595, loss_S=0.461351, loss_D=1.195263, loss_Sp=9984494.800000
=====Epoch 87
Training...
100%|███████████████████████████████████████████████████████████████████████████████████████████████████████████████████████████████████████| 125/125 [00:06<00:00, 19.46it/s]
Evaluating...
100%|█████████████████████████████████████████████████████████████████████████████████████████████████████████████████████████████████████████| 15/15 [00:00<00:00, 55.71it/s]
Testing...
100%|█████████████████████████████████████████████████████████████████████████████████████████████████████████████████████████████████████████| 15/15 [00:00<00:00, 56.55it/s]

Train: loss_R=0.497315, loss_C=-11.032066, loss_S=0.462168, loss_D=1.203410, loss_Sp=9877178.196000
Validation: loss_R=0.473420, loss_C=-11.184058, loss_S=0.445482, loss_D=1.197208, loss_Sp=9805360.200000
Test: loss_R=0.469200, loss_C=-11.083217, loss_S=0.444067, loss_D=1.198513, loss_Sp=9752759.400000
=====Epoch 88
Training...
100%|███████████████████████████████████████████████████████████████████████████████████████████████████████████████████████████████████████| 125/125 [00:05<00:00, 21.50it/s]
Evaluating...
100%|█████████████████████████████████████████████████████████████████████████████████████████████████████████████████████████████████████████| 15/15 [00:00<00:00, 43.69it/s]
Testing...
100%|█████████████████████████████████████████████████████████████████████████████████████████████████████████████████████████████████████████| 15/15 [00:00<00:00, 46.69it/s]

Train: loss_R=0.513514, loss_C=-11.023422, loss_S=0.450059, loss_D=1.204491, loss_Sp=9874810.268000
Validation: loss_R=0.473544, loss_C=-11.177605, loss_S=0.427417, loss_D=1.196547, loss_Sp=9906675.866667
Test: loss_R=0.472319, loss_C=-11.061510, loss_S=0.426404, loss_D=1.197684, loss_Sp=9871166.733333
=====Epoch 89
Training...
100%|███████████████████████████████████████████████████████████████████████████████████████████████████████████████████████████████████████| 125/125 [00:05<00:00, 21.04it/s]
Evaluating...
100%|█████████████████████████████████████████████████████████████████████████████████████████████████████████████████████████████████████████| 15/15 [00:00<00:00, 49.95it/s]
Testing...
100%|█████████████████████████████████████████████████████████████████████████████████████████████████████████████████████████████████████████| 15/15 [00:00<00:00, 56.13it/s]

Train: loss_R=0.490785, loss_C=-11.054493, loss_S=0.449310, loss_D=1.200351, loss_Sp=9877107.552000
Validation: loss_R=0.474912, loss_C=-11.202238, loss_S=0.483919, loss_D=1.199316, loss_Sp=9757518.933333
Test: loss_R=0.471776, loss_C=-11.102908, loss_S=0.482465, loss_D=1.201023, loss_Sp=9723622.400000
=====Epoch 90
Training...
100%|███████████████████████████████████████████████████████████████████████████████████████████████████████████████████████████████████████| 125/125 [00:05<00:00, 21.58it/s]
Evaluating...
100%|█████████████████████████████████████████████████████████████████████████████████████████████████████████████████████████████████████████| 15/15 [00:00<00:00, 49.95it/s]
Testing...
100%|█████████████████████████████████████████████████████████████████████████████████████████████████████████████████████████████████████████| 15/15 [00:00<00:00, 56.98it/s]

Train: loss_R=0.490255, loss_C=-11.079619, loss_S=0.445784, loss_D=1.195801, loss_Sp=9815712.928000
Validation: loss_R=0.472112, loss_C=-11.185055, loss_S=0.456624, loss_D=1.198749, loss_Sp=9726235.866667
Test: loss_R=0.465366, loss_C=-11.098469, loss_S=0.455715, loss_D=1.199586, loss_Sp=9709174.600000
=====Epoch 91
Training...
100%|███████████████████████████████████████████████████████████████████████████████████████████████████████████████████████████████████████| 125/125 [00:05<00:00, 20.99it/s]
Evaluating...
100%|█████████████████████████████████████████████████████████████████████████████████████████████████████████████████████████████████████████| 15/15 [00:00<00:00, 56.34it/s]
Testing...
100%|█████████████████████████████████████████████████████████████████████████████████████████████████████████████████████████████████████████| 15/15 [00:00<00:00, 55.10it/s]

Train: loss_R=0.488501, loss_C=-11.074237, loss_S=0.430367, loss_D=1.198103, loss_Sp=9691504.408000
Validation: loss_R=0.471676, loss_C=-11.180895, loss_S=0.384006, loss_D=1.193099, loss_Sp=9753817.133333
Test: loss_R=0.469266, loss_C=-11.072323, loss_S=0.383343, loss_D=1.195290, loss_Sp=9732173.600000
=====Epoch 92
Training...
100%|███████████████████████████████████████████████████████████████████████████████████████████████████████████████████████████████████████| 125/125 [00:06<00:00, 20.68it/s]
Evaluating...
100%|█████████████████████████████████████████████████████████████████████████████████████████████████████████████████████████████████████████| 15/15 [00:00<00:00, 42.57it/s]
Testing...
100%|█████████████████████████████████████████████████████████████████████████████████████████████████████████████████████████████████████████| 15/15 [00:00<00:00, 56.34it/s]

Train: loss_R=0.491512, loss_C=-11.069210, loss_S=0.434699, loss_D=1.199253, loss_Sp=9702776.752000
Validation: loss_R=0.471368, loss_C=-11.176711, loss_S=0.425992, loss_D=1.194495, loss_Sp=9635984.733333
Test: loss_R=0.468086, loss_C=-11.073493, loss_S=0.424672, loss_D=1.196727, loss_Sp=9603971.666667
=====Epoch 93
Training...
100%|███████████████████████████████████████████████████████████████████████████████████████████████████████████████████████████████████████| 125/125 [00:06<00:00, 20.18it/s]
Evaluating...
100%|█████████████████████████████████████████████████████████████████████████████████████████████████████████████████████████████████████████| 15/15 [00:00<00:00, 56.34it/s]
Testing...
100%|█████████████████████████████████████████████████████████████████████████████████████████████████████████████████████████████████████████| 15/15 [00:00<00:00, 56.98it/s]

Train: loss_R=0.495249, loss_C=-11.054499, loss_S=0.435023, loss_D=1.203531, loss_Sp=9548161.224000
Validation: loss_R=0.473704, loss_C=-11.165403, loss_S=0.408404, loss_D=1.195363, loss_Sp=9633963.400000
Test: loss_R=0.468131, loss_C=-11.079725, loss_S=0.406756, loss_D=1.198148, loss_Sp=9606184.600000
=====Epoch 94
Training...
100%|███████████████████████████████████████████████████████████████████████████████████████████████████████████████████████████████████████| 125/125 [00:06<00:00, 20.80it/s]
Evaluating...
100%|█████████████████████████████████████████████████████████████████████████████████████████████████████████████████████████████████████████| 15/15 [00:00<00:00, 56.77it/s]
Testing...
100%|█████████████████████████████████████████████████████████████████████████████████████████████████████████████████████████████████████████| 15/15 [00:00<00:00, 54.50it/s]

Train: loss_R=0.487666, loss_C=-11.064873, loss_S=0.424010, loss_D=1.204614, loss_Sp=9604424.448000
Validation: loss_R=0.470266, loss_C=-11.188612, loss_S=0.479078, loss_D=1.206772, loss_Sp=9522624.400000
Test: loss_R=0.464068, loss_C=-11.098688, loss_S=0.477143, loss_D=1.207251, loss_Sp=9485302.733333
=====Epoch 95
Training...
100%|███████████████████████████████████████████████████████████████████████████████████████████████████████████████████████████████████████| 125/125 [00:06<00:00, 20.18it/s]
Evaluating...
100%|█████████████████████████████████████████████████████████████████████████████████████████████████████████████████████████████████████████| 15/15 [00:00<00:00, 55.30it/s]
Testing...
100%|█████████████████████████████████████████████████████████████████████████████████████████████████████████████████████████████████████████| 15/15 [00:00<00:00, 51.86it/s]

Train: loss_R=0.494512, loss_C=-11.070113, loss_S=0.420034, loss_D=1.208337, loss_Sp=9557276.384000
Validation: loss_R=0.468532, loss_C=-11.183963, loss_S=0.464072, loss_D=1.204437, loss_Sp=9444897.000000
Test: loss_R=0.474924, loss_C=-11.090035, loss_S=0.463873, loss_D=1.208994, loss_Sp=9380574.600000
=====Epoch 96
Training...
100%|███████████████████████████████████████████████████████████████████████████████████████████████████████████████████████████████████████| 125/125 [00:05<00:00, 21.70it/s]
Evaluating...
100%|█████████████████████████████████████████████████████████████████████████████████████████████████████████████████████████████████████████| 15/15 [00:00<00:00, 52.40it/s]
Testing...
100%|█████████████████████████████████████████████████████████████████████████████████████████████████████████████████████████████████████████| 15/15 [00:00<00:00, 57.20it/s]

Train: loss_R=0.491922, loss_C=-11.059489, loss_S=0.426807, loss_D=1.206471, loss_Sp=9421642.884000
Validation: loss_R=0.470075, loss_C=-11.177967, loss_S=0.440512, loss_D=1.200717, loss_Sp=9589339.866667
Test: loss_R=0.465424, loss_C=-11.089005, loss_S=0.439655, loss_D=1.203680, loss_Sp=9560870.800000
=====Epoch 97
Training...
100%|███████████████████████████████████████████████████████████████████████████████████████████████████████████████████████████████████████| 125/125 [00:05<00:00, 21.12it/s]
Evaluating...
100%|█████████████████████████████████████████████████████████████████████████████████████████████████████████████████████████████████████████| 15/15 [00:00<00:00, 56.98it/s]
Testing...
100%|█████████████████████████████████████████████████████████████████████████████████████████████████████████████████████████████████████████| 15/15 [00:00<00:00, 55.92it/s]

Train: loss_R=0.489530, loss_C=-11.070433, loss_S=0.430776, loss_D=1.204004, loss_Sp=9498793.520000
Validation: loss_R=0.472434, loss_C=-11.188111, loss_S=0.440917, loss_D=1.203390, loss_Sp=9415166.733333
Test: loss_R=0.468320, loss_C=-11.095404, loss_S=0.440124, loss_D=1.205605, loss_Sp=9386335.733333
=====Epoch 98
Training...
100%|███████████████████████████████████████████████████████████████████████████████████████████████████████████████████████████████████████| 125/125 [00:05<00:00, 21.45it/s]
Evaluating...
100%|█████████████████████████████████████████████████████████████████████████████████████████████████████████████████████████████████████████| 15/15 [00:00<00:00, 46.69it/s]
Testing...
100%|█████████████████████████████████████████████████████████████████████████████████████████████████████████████████████████████████████████| 15/15 [00:00<00:00, 52.58it/s]

Train: loss_R=0.488874, loss_C=-11.089396, loss_S=0.420763, loss_D=1.209274, loss_Sp=9425617.680000
Validation: loss_R=0.467992, loss_C=-11.188131, loss_S=0.377416, loss_D=1.205657, loss_Sp=9413721.466667
Test: loss_R=0.464625, loss_C=-11.086825, loss_S=0.376068, loss_D=1.208311, loss_Sp=9385688.733333
=====Epoch 99
Training...
100%|███████████████████████████████████████████████████████████████████████████████████████████████████████████████████████████████████████| 125/125 [00:05<00:00, 21.11it/s]
Evaluating...
100%|█████████████████████████████████████████████████████████████████████████████████████████████████████████████████████████████████████████| 15/15 [00:00<00:00, 55.92it/s]
Testing...
100%|█████████████████████████████████████████████████████████████████████████████████████████████████████████████████████████████████████████| 15/15 [00:00<00:00, 56.77it/s]

Train: loss_R=0.487198, loss_C=-11.072093, loss_S=0.419893, loss_D=1.210345, loss_Sp=9378733.760000
Validation: loss_R=0.472172, loss_C=-11.167025, loss_S=0.438493, loss_D=1.206022, loss_Sp=9253267.733333
Test: loss_R=0.464501, loss_C=-11.083249, loss_S=0.438014, loss_D=1.206858, loss_Sp=9254174.800000
=====Epoch 100
Training...
100%|███████████████████████████████████████████████████████████████████████████████████████████████████████████████████████████████████████| 125/125 [00:05<00:00, 21.19it/s]
Evaluating...
100%|█████████████████████████████████████████████████████████████████████████████████████████████████████████████████████████████████████████| 15/15 [00:00<00:00, 56.34it/s]
Testing...
100%|█████████████████████████████████████████████████████████████████████████████████████████████████████████████████████████████████████████| 15/15 [00:00<00:00, 55.50it/s]

Train: loss_R=0.490419, loss_C=-11.081809, loss_S=0.421489, loss_D=1.209178, loss_Sp=9346164.600000
Validation: loss_R=0.469416, loss_C=-11.166137, loss_S=0.384109, loss_D=1.199381, loss_Sp=9304466.133333
Test: loss_R=0.464390, loss_C=-11.075058, loss_S=0.381835, loss_D=1.201698, loss_Sp=9267990.866667
Train R2 per target: [0.7784, 0.2510, 0.3912, 0.7660, 0.7107, 0.6931, 0.4325, 0.1410]
Validation R2 per target: [0.7840, 0.2679, 0.4777, 0.7524, 0.7231, 0.7484, 0.4075, 0.1331]
Test R2 per target: [0.7841, 0.2247, 0.4610, 0.7730, 0.7230, 0.7023, 0.4359, 0.0810]